<?xml version="1.0" encoding="UTF-8"?>
<!-- Generated by org.testng.reporters.JUnitXMLReporter -->
<testsuite ignored="0" hostname="Mokshi" failures="0" tests="4" name="Test" time="0.037" errors="0" timestamp="2025-03-14T00:22:20 CDT">
  <testcase classname="New_JAva_Project.java.secondTest" name="test3" time="0.005"/>
  <testcase classname="New_JAva_Project.java.firstjavaTest" name="first" time="0.005"/>
  <testcase classname="New_JAva_Project.java.firstTest" name="test2" time="0.005"/>
  <testcase classname="New_JAva_Project.java.thirdTest" name="test4" time="0.004"/>
</testsuite> <!-- Test -->
