<?xml version="1.0" encoding="UTF-8"?>
<testng-results ignored="0" total="1" passed="1" failed="0" skipped="0">
  <reporter-output>
  </reporter-output>
  <suite started-at="2025-03-08T02:13:09 CST" name="Surefire suite" finished-at="2025-03-08T02:13:09 CST" duration-ms="18">
    <groups>
    </groups>
    <test started-at="2025-03-08T02:13:09 CST" name="Surefire test" finished-at="2025-03-08T02:13:09 CST" duration-ms="18">
      <class name="New_JAva_Project.java.AppTest">
        <test-method signature="testApp()[pri:0, instance:testApp(New_JAva_Project.java.AppTest)]" started-at="2025-03-08T02:13:09 CST" name="testApp" finished-at="2025-03-08T02:13:09 CST" duration-ms="5" status="PASS">
          <reporter-output>
          </reporter-output>
        </test-method> <!-- testApp -->
      </class> <!-- New_JAva_Project.java.AppTest -->
    </test> <!-- Surefire test -->
  </suite> <!-- Surefire suite -->
</testng-results>
