<?xml version="1.0" encoding="UTF-8"?>
<testng-results ignored="0" total="4" passed="4" failed="0" skipped="0">
  <reporter-output>
  </reporter-output>
  <suite started-at="2025-03-08T02:31:56 CST" name="Suite" finished-at="2025-03-08T02:31:56 CST" duration-ms="43">
    <groups>
    </groups>
    <test started-at="2025-03-08T02:31:56 CST" name="Test" finished-at="2025-03-08T02:31:56 CST" duration-ms="43">
      <class name="New_JAva_Project.java.firstjavaTest">
        <test-method signature="first()[pri:0, instance:New_JAva_Project.java.firstjavaTest@7586beff]" started-at="2025-03-08T02:31:56 CST" name="first" finished-at="2025-03-08T02:31:56 CST" duration-ms="4" status="PASS">
          <reporter-output>
          </reporter-output>
        </test-method> <!-- first -->
      </class> <!-- New_JAva_Project.java.firstjavaTest -->
      <class name="New_JAva_Project.java.firstTest">
        <test-method signature="test2()[pri:0, instance:New_JAva_Project.java.firstTest@43bc63a3]" started-at="2025-03-08T02:31:56 CST" name="test2" finished-at="2025-03-08T02:31:56 CST" duration-ms="4" status="PASS">
          <reporter-output>
          </reporter-output>
        </test-method> <!-- test2 -->
      </class> <!-- New_JAva_Project.java.firstTest -->
      <class name="New_JAva_Project.java.secondTest">
        <test-method signature="test3()[pri:0, instance:New_JAva_Project.java.secondTest@3b69e7d1]" started-at="2025-03-08T02:31:56 CST" name="test3" finished-at="2025-03-08T02:31:56 CST" duration-ms="4" status="PASS">
          <reporter-output>
          </reporter-output>
        </test-method> <!-- test3 -->
      </class> <!-- New_JAva_Project.java.secondTest -->
      <class name="New_JAva_Project.java.thirdTest">
        <test-method signature="test4()[pri:0, instance:New_JAva_Project.java.thirdTest@4c12331b]" started-at="2025-03-08T02:31:56 CST" name="test4" finished-at="2025-03-08T02:31:56 CST" duration-ms="4" status="PASS">
          <reporter-output>
          </reporter-output>
        </test-method> <!-- test4 -->
      </class> <!-- New_JAva_Project.java.thirdTest -->
    </test> <!-- Test -->
  </suite> <!-- Suite -->
</testng-results>
