<?xml version="1.0" encoding="UTF-8"?>
<testng-results ignored="0" total="4" passed="4" failed="0" skipped="0">
  <reporter-output>
  </reporter-output>
  <suite started-at="2025-03-14T00:22:20 CDT" name="Suite" finished-at="2025-03-14T00:22:20 CDT" duration-ms="37">
    <groups>
    </groups>
    <test started-at="2025-03-14T00:22:20 CDT" name="Test" finished-at="2025-03-14T00:22:20 CDT" duration-ms="37">
      <class name="New_JAva_Project.java.firstjavaTest">
        <test-method signature="first()[pri:0, instance:New_JAva_Project.java.firstjavaTest@305b7c14]" started-at="2025-03-14T00:22:20 CDT" name="first" finished-at="2025-03-14T00:22:20 CDT" duration-ms="5" status="PASS">
          <reporter-output>
          </reporter-output>
        </test-method> <!-- first -->
      </class> <!-- New_JAva_Project.java.firstjavaTest -->
      <class name="New_JAva_Project.java.firstTest">
        <test-method signature="test2()[pri:0, instance:New_JAva_Project.java.firstTest@6f4a47c7]" started-at="2025-03-14T00:22:20 CDT" name="test2" finished-at="2025-03-14T00:22:20 CDT" duration-ms="5" status="PASS">
          <reporter-output>
          </reporter-output>
        </test-method> <!-- test2 -->
      </class> <!-- New_JAva_Project.java.firstTest -->
      <class name="New_JAva_Project.java.secondTest">
        <test-method signature="test3()[pri:0, instance:New_JAva_Project.java.secondTest@6913c1fb]" started-at="2025-03-14T00:22:20 CDT" name="test3" finished-at="2025-03-14T00:22:20 CDT" duration-ms="5" status="PASS">
          <reporter-output>
          </reporter-output>
        </test-method> <!-- test3 -->
      </class> <!-- New_JAva_Project.java.secondTest -->
      <class name="New_JAva_Project.java.thirdTest">
        <test-method signature="test4()[pri:0, instance:New_JAva_Project.java.thirdTest@c0c2f8d]" started-at="2025-03-14T00:22:20 CDT" name="test4" finished-at="2025-03-14T00:22:20 CDT" duration-ms="4" status="PASS">
          <reporter-output>
          </reporter-output>
        </test-method> <!-- test4 -->
      </class> <!-- New_JAva_Project.java.thirdTest -->
    </test> <!-- Test -->
  </suite> <!-- Suite -->
</testng-results>
