<?xml version="1.0" encoding="UTF-8"?>
<testsuite xmlns:xsi="http://www.w3.org/2001/XMLSchema-instance" xsi:noNamespaceSchemaLocation="https://maven.apache.org/surefire/maven-surefire-plugin/xsd/surefire-test-report-3.0.xsd" version="3.0" name="TestSuite" time="0.498" tests="4" errors="0" skipped="0" failures="0">
  <properties>
[...]
</properties>
  <testcase name="test3" classname="New_JAva_Project.java.secondTest" time="0.006">
    <system-out><![CDATA[02:31:55.937 [main] DEBUG org.testng.TestNG -- suiteXmlPath: "C:\Users\Nihir\git\new_JAVA\java\testng.xml"
hi
fdsfsdfsdfhsdfsdfhsdfiuosdhf
dsjfhdsjfjdsfhjsdhfjsdfhjsdhfjsdhfjsdhfj
hello wordld
]]></system-out>
  </testcase>
  <testcase name="test2" classname="New_JAva_Project.java.firstTest" time="0.007"/>
  <testcase name="first" classname="New_JAva_Project.java.firstjavaTest" time="0.007"/>
  <testcase name="test4" classname="New_JAva_Project.java.thirdTest" time="0.007"/>
</testsuite>